#
# There is insufficient memory for the Java Runtime Environment to continue.
# Native memory allocation (mmap) failed to map 201326592 bytes for Failed to commit area from 0x0000000741c00000 to 0x000000074dc00000 of length 201326592.
# Possible reasons:
#   The system is out of physical RAM or swap space
#   The process is running with CompressedOops enabled, and the Java Heap may be blocking the growth of the native heap
# Possible solutions:
#   Reduce memory load on the system
#   Increase physical memory or swap space
#   Check if swap backing store is full
#   Decrease Java heap size (-Xmx/-Xms)
#   Decrease number of Java threads
#   Decrease Java thread stack sizes (-Xss)
#   Set larger code cache with -XX:ReservedCodeCacheSize=
# This output file may be truncated or incomplete.
#
#  Out of Memory Error (src/hotspot/os/windows/os_windows.cpp:3627), pid=5048, tid=12100
#
# JRE version:  (11.0.15+10) (build )
# Java VM: OpenJDK 64-Bit Server VM (11.0.15+10-b2043.56, mixed mode, sharing, tiered, compressed oops, g1 gc, windows-amd64)
# No core dump will be written. Minidumps are not enabled by default on client versions of Windows
#

---------------  S U M M A R Y ------------

Command Line: git4idea.http.GitAskPassApp Username for 'https://github.com': 

Host: Intel(R) Core(TM) i5-7300HQ CPU @ 2.50GHz, 4 cores, 11G,  Windows 10 , 64 bit Build 19041 (10.0.19041.1706)
Time: Mon Jun  6 00:52:42 2022 RTZ 2 (s 10 , 64 bit Build 19041 (10.0.19041.1706) elapsed time: 0.014395 seconds (0d 0h 0m 0s)

---------------  T H R E A D  ---------------

Current thread (0x000001de9b68b000):  JavaThread "Unknown thread" [_thread_in_vm, id=12100, stack(0x000000af4c800000,0x000000af4c900000)]

Stack: [0x000000af4c800000,0x000000af4c900000]
Native frames: (J=compiled Java code, j=interpreted, Vv=VM code, C=native code)
V  [jvm.dll+0x61612a]
V  [jvm.dll+0x79c450]
V  [jvm.dll+0x79da6d]
V  [jvm.dll+0x79e143]
V  [jvm.dll+0x24cc18]
V  [jvm.dll+0x613174]
V  [jvm.dll+0x607e55]
V  [jvm.dll+0x30b1cb]
V  [jvm.dll+0x30b13a]
V  [jvm.dll+0x30b012]
V  [jvm.dll+0x30ff76]
V  [jvm.dll+0x35b4c3]
V  [jvm.dll+0x35bbc6]
V  [jvm.dll+0x35b5c3]
V  [jvm.dll+0x2e5918]
V  [jvm.dll+0x2e6ab7]
V  [jvm.dll+0x7794f7]
V  [jvm.dll+0x77acec]
V  [jvm.dll+0x368a59]
V  [jvm.dll+0x75ce8e]
V  [jvm.dll+0x3d6a33]
V  [jvm.dll+0x3d9001]
C  [jli.dll+0x536b]
C  [ucrtbase.dll+0x21bb2]
C  [KERNEL32.DLL+0x17034]
C  [ntdll.dll+0x52651]


---------------  P R O C E S S  ---------------

Threads class SMR info:
_java_thread_list=0x000001de99cb19b0, length=0, elements={
}

Java Threads: ( => current thread )

Other Threads:
  0x000001de9b6a6000 GCTaskThread "GC Thread#0" [stack: 0x000000af4c900000,0x000000af4ca00000] [id=4984]
  0x000001de9b6ec000 ConcurrentGCThread "G1 Main Marker" [stack: 0x000000af4ca00000,0x000000af4cb00000] [id=13076]
  0x000001de9b6ed800 ConcurrentGCThread "G1 Conc#0" [stack: 0x000000af4cb00000,0x000000af4cc00000] [id=8852]

[error occurred during error reporting (printing all threads), id 0xc0000005, EXCEPTION_ACCESS_VIOLATION (0xc0000005) at pc=0x00007ffae9426017]

VM state:not at safepoint (not fully initialized)

VM Mutex/Monitor currently owned by a thread:  ([mutex/lock_event])
[0x000001de9b688090] Heap_lock - owner thread: 0x000001de9b68b000

Heap address: 0x0000000741c00000, size: 3044 MB, Compressed Oops mode: Non-zero based: 0x0000000741c00000
Narrow klass base: 0x0000000000000000, Narrow klass shift: 0

GC Heap History (0 events):
No events

Deoptimization events (0 events):
No events

Classes redefined (0 events):
No events

Internal exceptions (0 events):
No events

Events (1 events):
Event: 0.008 Loaded shared library C:\Users\ïï\AppData\Local\JetBrains\Toolbox\apps\IDEA-U\ch-0\221.5787.30\jbr\bin\zip.dll


Dynamic libraries:
0x00007ff6f7660000 - 0x00007ff6f766a000 	C:\Users\ïï\AppData\Local\JetBrains\Toolbox\apps\IDEA-U\ch-0\221.5787.30\jbr\bin\java.exe
0x00007ffb2ef70000 - 0x00007ffb2f165000 	C:\WINDOWS\SYSTEM32\ntdll.dll
0x00007ffb2d0f0000 - 0x00007ffb2d1ad000 	C:\WINDOWS\System32\KERNEL32.DLL
0x00007ffb2cc50000 - 0x00007ffb2cf1d000 	C:\WINDOWS\System32\KERNELBASE.dll
0x00007ffb2c6d0000 - 0x00007ffb2c7d0000 	C:\WINDOWS\System32\ucrtbase.dll
0x00007ffafd090000 - 0x00007ffafd0a6000 	C:\Users\ïï\AppData\Local\JetBrains\Toolbox\apps\IDEA-U\ch-0\221.5787.30\jbr\bin\VCRUNTIME140.dll
0x00007ffafcfd0000 - 0x00007ffafcfe9000 	C:\Users\ïï\AppData\Local\JetBrains\Toolbox\apps\IDEA-U\ch-0\221.5787.30\jbr\bin\jli.dll
0x00007ffb2e190000 - 0x00007ffb2e330000 	C:\WINDOWS\System32\USER32.dll
0x00007ffb2c7d0000 - 0x00007ffb2c7f2000 	C:\WINDOWS\System32\win32u.dll
0x00007ffb18fa0000 - 0x00007ffb1923a000 	C:\WINDOWS\WinSxS\amd64_microsoft.windows.common-controls_6595b64144ccf1df_6.0.19041.1110_none_60b5254171f9507e\COMCTL32.dll
0x00007ffb2d910000 - 0x00007ffb2d93a000 	C:\WINDOWS\System32\GDI32.dll
0x00007ffb2edf0000 - 0x00007ffb2ee8e000 	C:\WINDOWS\System32\msvcrt.dll
0x00007ffb2cb40000 - 0x00007ffb2cc4b000 	C:\WINDOWS\System32\gdi32full.dll
0x00007ffb2cf20000 - 0x00007ffb2cfbd000 	C:\WINDOWS\System32\msvcp_win.dll
0x00007ffb2e330000 - 0x00007ffb2e360000 	C:\WINDOWS\System32\IMM32.DLL
0x00007ffaee6b0000 - 0x00007ffaee75a000 	C:\Users\ïï\AppData\Local\JetBrains\Toolbox\apps\IDEA-U\ch-0\221.5787.30\jbr\bin\msvcp140.dll
0x00007ffae9130000 - 0x00007ffae9cab000 	C:\Users\ïï\AppData\Local\JetBrains\Toolbox\apps\IDEA-U\ch-0\221.5787.30\jbr\bin\server\jvm.dll
0x00007ffb2d280000 - 0x00007ffb2d32e000 	C:\WINDOWS\System32\ADVAPI32.dll
0x00007ffb2ee90000 - 0x00007ffb2ef2c000 	C:\WINDOWS\System32\sechost.dll
0x00007ffb2e060000 - 0x00007ffb2e185000 	C:\WINDOWS\System32\RPCRT4.dll
0x00007ffb2d330000 - 0x00007ffb2d338000 	C:\WINDOWS\System32\PSAPI.DLL
0x00007ffb27690000 - 0x00007ffb27699000 	C:\WINDOWS\SYSTEM32\WSOCK32.dll
0x00007ffb1de20000 - 0x00007ffb1de47000 	C:\WINDOWS\SYSTEM32\WINMM.dll
0x00007ffb2b4d0000 - 0x00007ffb2b4da000 	C:\WINDOWS\SYSTEM32\VERSION.dll
0x00007ffb2dee0000 - 0x00007ffb2df4b000 	C:\WINDOWS\System32\WS2_32.dll
0x00007ffb2b430000 - 0x00007ffb2b442000 	C:\WINDOWS\SYSTEM32\kernel.appcore.dll
0x00007ffb18940000 - 0x00007ffb18951000 	C:\Users\ïï\AppData\Local\JetBrains\Toolbox\apps\IDEA-U\ch-0\221.5787.30\jbr\bin\verify.dll
0x00007ffb1a300000 - 0x00007ffb1a4e4000 	C:\WINDOWS\SYSTEM32\DBGHELP.DLL
0x00007ffb14a90000 - 0x00007ffb14abc000 	C:\WINDOWS\SYSTEM32\dbgcore.DLL
0x00007ffb2c800000 - 0x00007ffb2c882000 	C:\WINDOWS\System32\bcryptPrimitives.dll
0x00007ffb18890000 - 0x00007ffb188b9000 	C:\Users\ïï\AppData\Local\JetBrains\Toolbox\apps\IDEA-U\ch-0\221.5787.30\jbr\bin\java.dll
0x00007ffb281e0000 - 0x00007ffb281eb000 	C:\Users\ïï\AppData\Local\JetBrains\Toolbox\apps\IDEA-U\ch-0\221.5787.30\jbr\bin\jimage.dll
0x00007ffb18870000 - 0x00007ffb18889000 	C:\Users\ïï\AppData\Local\JetBrains\Toolbox\apps\IDEA-U\ch-0\221.5787.30\jbr\bin\zip.dll

dbghelp: loaded successfully - version: 4.0.5 - missing functions: none
symbol engine: initialized successfully - sym options: 0x614 - pdb path: .;C:\Users\ïï\AppData\Local\JetBrains\Toolbox\apps\IDEA-U\ch-0\221.5787.30\jbr\bin;C:\WINDOWS\SYSTEM32;C:\WINDOWS\WinSxS\amd64_microsoft.windows.common-controls_6595b64144ccf1df_6.0.19041.1110_none_60b5254171f9507e;C:\Users\ïï\AppData\Local\JetBrains\Toolbox\apps\IDEA-U\ch-0\221.5787.30\jbr\bin\server

VM Arguments:
java_command: git4idea.http.GitAskPassApp Username for 'https://github.com': 
java_class_path (initial): C:/Users/ïï/AppData/Local/JetBrains/Toolbox/apps/IDEA-U/ch-0/221.5787.30/plugins/git4idea/lib/git4idea-rt.jar;C:/Users/ïï/AppData/Local/JetBrains/Toolbox/apps/IDEA-U/ch-0/221.5787.30/lib/externalProcess-rt.jar;C:/Users/ïï/AppData/Local/JetBrains/Toolbox/apps/IDEA-U/ch-0/221.5787.30/lib/app.jar;C:/Users/ïï/AppData/Local/JetBrains/Toolbox/apps/IDEA-U/ch-0/221.5787.30/lib/3rd-party-rt.jar
Launcher Type: SUN_STANDARD

[Global flags]
     intx CICompilerCount                          = 3                                         {product} {ergonomic}
     uint ConcGCThreads                            = 1                                         {product} {ergonomic}
     uint G1ConcRefinementThreads                  = 4                                         {product} {ergonomic}
   size_t G1HeapRegionSize                         = 1048576                                   {product} {ergonomic}
    uintx GCDrainStackTargetSize                   = 64                                        {product} {ergonomic}
   size_t InitialHeapSize                          = 201326592                                 {product} {ergonomic}
   size_t MarkStackSize                            = 4194304                                   {product} {ergonomic}
   size_t MaxHeapSize                              = 3191865344                                {product} {ergonomic}
   size_t MinHeapDeltaBytes                        = 1048576                                   {product} {ergonomic}
    uintx NonNMethodCodeHeapSize                   = 5830732                                {pd product} {ergonomic}
    uintx NonProfiledCodeHeapSize                  = 122913754                              {pd product} {ergonomic}
    uintx ProfiledCodeHeapSize                     = 122913754                              {pd product} {ergonomic}
    uintx ReservedCodeCacheSize                    = 251658240                              {pd product} {ergonomic}
     bool SegmentedCodeCache                       = true                                      {product} {ergonomic}
     bool UseCompressedClassPointers               = true                                 {lp64_product} {ergonomic}
     bool UseCompressedOops                        = true                                 {lp64_product} {ergonomic}
     bool UseG1GC                                  = true                                      {product} {ergonomic}
     bool UseLargePagesIndividualAllocation        = false                                  {pd product} {ergonomic}

Logging:
Log output configuration:
 #0: stdout all=warning uptime,level,tags
 #1: stderr all=off uptime,level,tags

Environment Variables:
PATH=C:/Program Files/Git/mingw64/libexec/git-core;C:/Program Files/Git/mingw64/libexec/git-core;C:\Program Files\Git\mingw64\bin;C:\Program Files\Git\usr\bin;C:\Users\ïï\bin;C:\Python310\Scripts\;C:\Python310\;C:\Program Files (x86)\Intel\iCLS Client\;C:\Program Files\Intel\iCLS Client\;C:\Windows\system32;C:\Windows;C:\Windows\System32\Wbem;C:\Windows\System32\WindowsPowerShell\v1.0\;C:\Program Files (x86)\Intel\Intel(R) Management Engine Components\DAL;C:\Program Files\Intel\Intel(R) Management Engine Components\DAL;C:\Program Files (x86)\Intel\Intel(R) Management Engine Components\IPT;C:\Program Files\Intel\Intel(R) Management Engine Components\IPT;C:\Program Files (x86)\NVIDIA Corporation\PhysX\Common;A:\;C:\WINDOWS\system32;C:\WINDOWS;C:\WINDOWS\System32\Wbem;C:\WINDOWS\System32\WindowsPowerShell\v1.0\;C:\WINDOWS\System32\OpenSSH\;C:\Program Files\NVIDIA Corporation\NVIDIA NvDLISR;C:\WINDOWS\system32;C:\WINDOWS;C:\WINDOWS\System32\Wbem;C:\WINDOWS\System32\WindowsPowerShell\v1.0\;C:\WINDOWS\System32\OpenSSH\;C:\Program Files\Git\cmd;C:\Users\ïï\AppData\Local\Microsoft\WindowsApps
USERNAME=ïï
DISPLAY=:0.0
LC_ALL=en_US.UTF-8
OS=Windows_NT
PROCESSOR_IDENTIFIER=Intel64 Family 6 Model 158 Stepping 9, GenuineIntel



---------------  S Y S T E M  ---------------

OS: Windows 10 , 64 bit Build 19041 (10.0.19041.1706)
OS uptime: 4 days 10:03 hours

CPU:total 4 (initial active 4) (4 cores per cpu, 1 threads per core) family 6 model 158 stepping 9 microcode 0xb4, cmov, cx8, fxsr, mmx, sse, sse2, sse3, ssse3, sse4.1, sse4.2, popcnt, avx, avx2, aes, clmul, erms, 3dnowpref, lzcnt, tsc, tscinvbit, bmi1, bmi2, adx, fma

Memory: 4k page, system-wide physical 12171M (2370M free)
TotalPageFile size 14171M (AvailPageFile size 121M)
current process WorkingSet (physical memory assigned to process): 10M, peak: 10M
current process commit charge ("private bytes"): 51M, peak: 243M

vm_info: OpenJDK 64-Bit Server VM (11.0.15+10-b2043.56) for windows-amd64 JRE (11.0.15+10-b2043.56), built on May 16 2022 02:28:12 by "" with MS VC++ 14.0 (VS2015)

END.
